[2026-05-19 09:18:59] INFO: [SSR LOGIN] POST /api/auth/login -> Django Status: 200 (365ms)
[2026-05-19 09:19:27] INFO: [SSR PROXY] GET /api/proxy/shops/me -> Django Status: 200 (15ms)
[2026-05-19 09:19:27] INFO: [SSR PROXY] GET /api/proxy/shops/me -> Django Status: 200 (17ms)
[2026-05-19 09:19:27] INFO: [SSR PROXY] GET /api/proxy/products -> Django Status: 200 (19ms)
[2026-05-19 09:19:27] INFO: [SSR PROXY] GET /api/proxy/shops/me -> Django Status: 200 (21ms)
[2026-05-19 09:19:27] INFO: [SSR PROXY] GET /api/proxy/products -> Django Status: 200 (17ms)
[2026-05-19 09:19:27] INFO: [SSR PROXY] GET /api/proxy/shops/me -> Django Status: 200 (16ms)
[2026-05-19 09:19:28] INFO: [SSR PROXY] GET /api/proxy/shops/me -> Django Status: 200 (8ms)
[2026-05-19 09:19:28] INFO: [SSR PROXY] GET /api/proxy/shops/me -> Django Status: 200 (12ms)
[2026-05-19 09:32:24] INFO: [SSR PROXY] GET /api/proxy/storefront/shopname -> Django Status: 401 (13ms)
[2026-05-19 09:32:24] INFO: [SSR PROXY] GET /api/proxy/storefront/shopname/products/1 -> Django Status: 401 (7ms)
[2026-05-19 09:32:27] INFO: [SSR PROXY] GET /api/proxy/storefront/shopname -> Django Status: 401 (8ms)
[2026-05-19 09:32:27] INFO: [SSR PROXY] GET /api/proxy/storefront/shopname/products/1 -> Django Status: 401 (9ms)
[2026-05-19 09:32:40] INFO: [SSR PROXY] POST /api/proxy/storefront/shopname/auth/login -> Django Status: 401 (9ms)
[2026-05-19 09:32:50] INFO: [SSR PROXY] POST /api/proxy/storefront/shopname/auth/login -> Django Status: 401 (8ms)
[2026-05-19 09:32:54] INFO: [SSR PROXY] POST /api/proxy/storefront/shopname/auth/login -> Django Status: 401 (7ms)
[2026-05-19 09:32:58] INFO: [SSR PROXY] POST /api/proxy/storefront/shopname/auth/login -> Django Status: 401 (8ms)
[2026-05-19 09:33:15] INFO: [SSR PROXY] POST /api/proxy/storefront/shopname/auth/register -> Django Status: 401 (8ms)
[2026-05-19 09:33:17] INFO: [SSR PROXY] POST /api/proxy/storefront/shopname/auth/login -> Django Status: 401 (6ms)
[2026-05-19 09:33:51] INFO: [SSR PROXY] GET /api/proxy/storefront/shopname -> Django Status: 401 (6ms)
[2026-05-19 09:33:51] INFO: [SSR PROXY] GET /api/proxy/storefront/shopname -> Django Status: 401 (6ms)
[2026-05-19 09:33:51] INFO: [SSR PROXY] GET /api/proxy/storefront/shopname/products/1 -> Django Status: 401 (6ms)
[2026-05-19 09:33:51] INFO: [SSR PROXY] GET /api/proxy/storefront/shopname/products/1 -> Django Status: 401 (8ms)
[2026-05-19 09:33:54] INFO: [SSR PROXY] GET /api/proxy/storefront/shopname -> Django Status: 401 (6ms)
[2026-05-19 09:33:54] INFO: [SSR PROXY] GET /api/proxy/storefront/shopname/products/1 -> Django Status: 401 (6ms)
[2026-05-19 09:33:59] INFO: [SSR PROXY] GET /api/proxy/storefront/shopname -> Django Status: 401 (10ms)
[2026-05-19 09:33:59] INFO: [SSR PROXY] GET /api/proxy/storefront/shopname/products/1 -> Django Status: 401 (6ms)
[2026-05-19 09:34:12] INFO: [SSR PROXY] GET /api/proxy/storefront/shopname -> Django Status: 401 (8ms)
[2026-05-19 09:34:12] INFO: [SSR PROXY] GET /api/proxy/storefront/shopname/products/1 -> Django Status: 401 (6ms)
[2026-05-19 09:34:55] INFO: [SSR PROXY] GET /api/proxy/storefront/shopname -> Django Status: 401 (28ms)
[2026-05-19 09:34:55] INFO: [SSR PROXY] GET /api/proxy/storefront/shopname/products/1 -> Django Status: 401 (44ms)
[2026-05-19 09:35:37] INFO: [SSR PROXY] GET /api/proxy/storefront/shopname -> Django Status: 401 (14ms)
[2026-05-19 09:35:37] INFO: [SSR PROXY] GET /api/proxy/storefront/shopname/products/1 -> Django Status: 401 (8ms)
[2026-05-19 09:45:17] INFO: [SSR PROXY] GET /api/proxy/shops/me -> Django Status: 401 (12ms)
[2026-05-19 12:11:01] INFO: [SSR PROXY] GET /api/proxy/storefront/shopname -> Django Status: 200 (19ms)
[2026-05-19 12:11:08] INFO: [SSR PROXY] GET /api/proxy/storefront/shopname/products/2 -> Django Status: 200 (2025ms)
[2026-05-19 12:11:42] INFO: [SSR PROXY] GET /api/proxy/storefront/undefined -> Django Status: 404 (15ms)
[2026-05-19 12:12:09] INFO: [SSR PROXY] GET /api/proxy/storefront/shopname/auth/me -> Django Status: 200 (67ms)
[2026-05-19 12:12:09] INFO: [SSR PROXY] GET /api/proxy/storefront/shopname -> Django Status: 200 (72ms)
[2026-05-19 12:12:09] INFO: [SSR PROXY] GET /api/proxy/storefront/shopname/cart -> Django Status: 200 (94ms)
[2026-05-19 12:12:11] INFO: [SSR PROXY] GET /api/proxy/storefront/shopname/products/2 -> Django Status: 200 (2050ms)
[2026-05-19 12:12:29] INFO: [SSR PROXY] GET /api/proxy/storefront/shopname -> Django Status: 200 (89ms)
[2026-05-19 12:12:29] INFO: [SSR PROXY] GET /api/proxy/storefront/shopname/auth/me -> Django Status: 200 (68ms)
[2026-05-19 12:12:29] INFO: [SSR PROXY] GET /api/proxy/storefront/shopname/cart -> Django Status: 200 (31ms)
[2026-05-19 12:12:31] INFO: [SSR PROXY] GET /api/proxy/storefront/shopname/products/2 -> Django Status: 200 (2056ms)
[2026-05-19 12:12:59] INFO: [SSR PROXY] GET /api/proxy/storefront/shopname -> Django Status: 200 (56ms)
[2026-05-19 12:12:59] INFO: [SSR PROXY] GET /api/proxy/storefront/shopname/auth/me -> Django Status: 200 (50ms)
[2026-05-19 12:12:59] INFO: [SSR PROXY] GET /api/proxy/storefront/shopname/cart -> Django Status: 200 (23ms)
[2026-05-19 12:13:01] INFO: [SSR PROXY] GET /api/proxy/storefront/shopname/products/2 -> Django Status: 200 (2040ms)
[2026-05-19 12:13:39] INFO: [SSR PROXY] GET /api/proxy/storefront/shopname -> Django Status: 200 (137ms)
[2026-05-19 12:13:39] INFO: [SSR PROXY] GET /api/proxy/storefront/shopname/auth/me -> Django Status: 200 (135ms)
[2026-05-19 12:13:39] INFO: [SSR PROXY] GET /api/proxy/storefront/shopname/cart -> Django Status: 200 (61ms)
[2026-05-19 12:13:41] INFO: [SSR PROXY] GET /api/proxy/storefront/shopname/products/2 -> Django Status: 200 (2028ms)
[2026-05-19 12:17:30] INFO: [SSR PROXY] GET /api/proxy/storefront/shopname/products/2 -> Django Status: 200 (2052ms)
[2026-05-19 12:17:35] INFO: [SSR PROXY] GET /api/proxy/storefront/shopname -> Django Status: 200 (22ms)
[2026-05-19 12:19:23] INFO: [SSR PROXY] GET /api/proxy/storefront/shopname -> Django Status: 200 (25ms)
[2026-05-19 12:19:27] INFO: [SSR PROXY] GET /api/proxy/storefront/shopname -> Django Status: 200 (14ms)
[2026-05-19 12:22:00] INFO: [SSR PROXY] GET /api/proxy/storefront/shopname -> Django Status: 200 (17ms)
[2026-05-19 12:22:06] INFO: [SSR PROXY] GET /api/proxy/storefront/shopname -> Django Status: 200 (13ms)
[2026-05-19 12:22:15] INFO: [SSR PROXY] GET /api/proxy/storefront/shopname/products/2 -> Django Status: 200 (2039ms)
[2026-05-19 12:23:03] INFO: [SSR PROXY] GET /api/proxy/storefront/shopname -> Django Status: 200 (65ms)
[2026-05-19 12:23:03] INFO: [SSR PROXY] GET /api/proxy/storefront/shopname/auth/me -> Django Status: 200 (30ms)
[2026-05-19 12:23:03] INFO: [SSR PROXY] GET /api/proxy/storefront/shopname/cart -> Django Status: 200 (26ms)
[2026-05-19 12:23:05] INFO: [SSR PROXY] GET /api/proxy/storefront/shopname/products/2 -> Django Status: 200 (2038ms)
[2026-05-19 12:26:28] INFO: [SSR PROXY] GET /api/proxy/storefront/shopname -> Django Status: 200 (72ms)
[2026-05-19 12:26:28] INFO: [SSR PROXY] GET /api/proxy/storefront/shopname/auth/me -> Django Status: 200 (47ms)
[2026-05-19 12:26:28] INFO: [SSR PROXY] GET /api/proxy/storefront/shopname/cart -> Django Status: 200 (36ms)
[2026-05-19 12:26:30] INFO: [SSR PROXY] GET /api/proxy/storefront/shopname/products/2 -> Django Status: 200 (2042ms)
[2026-05-19 12:34:46] INFO: [SSR PROXY] GET /api/proxy/storefront/shopname/auth/me -> Django Status: 403 (25ms)
[2026-05-19 12:34:46] INFO: [SSR PROXY] GET /api/proxy/storefront/shopname -> Django Status: 200 (72ms)
[2026-05-19 12:34:49] INFO: [SSR PROXY] GET /api/proxy/storefront/shopname/products/2 -> Django Status: 200 (2038ms)
[2026-05-19 12:34:53] INFO: [SSR PROXY] GET /api/proxy/storefront/shopname -> Django Status: 200 (25ms)
[2026-05-19 12:34:56] INFO: [SSR PROXY] GET /api/proxy/storefront/shopname/products/2 -> Django Status: 200 (2045ms)
[2026-05-19 12:35:23] INFO: [SSR PROXY] GET /api/proxy/storefront/shopname -> Django Status: 200 (47ms)
[2026-05-19 12:35:25] INFO: [SSR PROXY] GET /api/proxy/storefront/shopname/products/2 -> Django Status: 200 (2038ms)
[2026-05-19 12:37:07] INFO: [SSR PROXY] GET /api/proxy/storefront/shopname -> Django Status: 200 (220ms)
[2026-05-19 12:37:07] INFO: [SSR PROXY] GET /api/proxy/storefront/shopname -> Django Status: 200 (21ms)
[2026-05-19 12:37:07] INFO: [SSR PROXY] GET /api/proxy/storefront/shopname -> Django Status: 200 (22ms)
[2026-05-19 12:37:07] INFO: [SSR PROXY] GET /api/proxy/storefront/shopname -> Django Status: 200 (28ms)
[2026-05-19 12:37:07] INFO: [SSR PROXY] GET /api/proxy/storefront/shopname -> Django Status: 200 (27ms)
[2026-05-19 12:37:07] INFO: [SSR PROXY] GET /api/proxy/storefront/shopname -> Django Status: 200 (20ms)
[2026-05-19 12:37:07] INFO: [SSR PROXY] GET /api/proxy/storefront/shopname -> Django Status: 200 (18ms)
[2026-05-19 12:37:08] INFO: [SSR PROXY] GET /api/proxy/storefront/shopname -> Django Status: 200 (17ms)
[2026-05-19 12:37:08] INFO: [SSR PROXY] GET /api/proxy/storefront/shopname -> Django Status: 200 (21ms)
[2026-05-19 12:37:08] INFO: [SSR PROXY] GET /api/proxy/storefront/shopname -> Django Status: 200 (15ms)
[2026-05-19 12:37:08] INFO: [SSR PROXY] GET /api/proxy/storefront/shopname -> Django Status: 200 (20ms)
[2026-05-19 12:37:08] INFO: [SSR PROXY] GET /api/proxy/storefront/shopname -> Django Status: 200 (21ms)
[2026-05-19 12:37:08] INFO: [SSR PROXY] GET /api/proxy/storefront/shopname -> Django Status: 200 (17ms)
[2026-05-19 12:37:09] INFO: [SSR PROXY] GET /api/proxy/storefront/shopname -> Django Status: 200 (17ms)
[2026-05-19 12:37:09] INFO: [SSR PROXY] GET /api/proxy/storefront/shopname -> Django Status: 200 (18ms)
[2026-05-19 12:37:09] INFO: [SSR PROXY] GET /api/proxy/storefront/shopname -> Django Status: 200 (19ms)
[2026-05-19 12:37:10] INFO: [SSR PROXY] GET /api/proxy/storefront/shopname/products/2 -> Django Status: 200 (2367ms)
[2026-05-19 12:37:10] INFO: [SSR PROXY] GET /api/proxy/storefront/shopname -> Django Status: 200 (21ms)
[2026-05-19 12:37:10] INFO: [SSR PROXY] GET /api/proxy/storefront/shopname -> Django Status: 200 (77ms)
[2026-05-19 12:37:10] INFO: [SSR PROXY] GET /api/proxy/storefront/shopname -> Django Status: 200 (36ms)
[2026-05-19 12:37:10] INFO: [SSR PROXY] GET /api/proxy/storefront/shopname -> Django Status: 200 (21ms)
[2026-05-19 12:37:10] INFO: [SSR PROXY] GET /api/proxy/storefront/shopname -> Django Status: 200 (20ms)
[2026-05-19 12:37:10] INFO: [SSR PROXY] GET /api/proxy/storefront/shopname -> Django Status: 200 (20ms)
[2026-05-19 12:37:10] INFO: [SSR PROXY] GET /api/proxy/storefront/shopname -> Django Status: 200 (20ms)
[2026-05-19 12:37:11] INFO: [SSR PROXY] GET /api/proxy/storefront/shopname -> Django Status: 200 (21ms)
[2026-05-19 12:37:11] INFO: [SSR PROXY] GET /api/proxy/storefront/shopname -> Django Status: 200 (25ms)
[2026-05-19 12:37:11] INFO: [SSR PROXY] GET /api/proxy/storefront/shopname -> Django Status: 200 (23ms)
[2026-05-19 12:37:11] INFO: [SSR PROXY] GET /api/proxy/storefront/shopname -> Django Status: 200 (20ms)
[2026-05-19 12:37:11] INFO: [SSR PROXY] GET /api/proxy/storefront/shopname -> Django Status: 200 (21ms)
[2026-05-19 12:37:11] INFO: [SSR PROXY] GET /api/proxy/storefront/shopname -> Django Status: 200 (20ms)
[2026-05-19 12:37:11] INFO: [SSR PROXY] GET /api/proxy/storefront/shopname -> Django Status: 200 (20ms)
[2026-05-19 12:37:11] INFO: [SSR PROXY] GET /api/proxy/storefront/shopname -> Django Status: 200 (22ms)
[2026-05-19 12:37:11] INFO: [SSR PROXY] GET /api/proxy/storefront/shopname -> Django Status: 200 (26ms)
[2026-05-19 12:37:12] INFO: [SSR PROXY] GET /api/proxy/storefront/shopname -> Django Status: 200 (20ms)
[2026-05-19 12:37:12] INFO: [SSR PROXY] GET /api/proxy/storefront/shopname/products/2 -> Django Status: 200 (2059ms)
[2026-05-19 12:37:13] INFO: [SSR PROXY] GET /api/proxy/storefront/shopname -> Django Status: 200 (13ms)
[2026-05-19 12:37:13] INFO: [SSR PROXY] GET /api/proxy/storefront/shopname -> Django Status: 200 (32ms)
[2026-05-19 12:37:13] INFO: [SSR PROXY] GET /api/proxy/storefront/shopname -> Django Status: 200 (28ms)
[2026-05-19 12:37:14] INFO: [SSR PROXY] GET /api/proxy/storefront/shopname -> Django Status: 200 (31ms)
[2026-05-19 12:37:14] INFO: [SSR PROXY] GET /api/proxy/storefront/shopname -> Django Status: 200 (46ms)
[2026-05-19 12:37:14] INFO: [SSR PROXY] GET /api/proxy/storefront/shopname/products/2 -> Django Status: 200 (2088ms)
[2026-05-19 12:37:14] INFO: [SSR PROXY] GET /api/proxy/storefront/shopname -> Django Status: 200 (86ms)
[2026-05-19 12:37:14] INFO: [SSR PROXY] GET /api/proxy/storefront/shopname -> Django Status: 200 (21ms)
[2026-05-19 12:37:15] INFO: [SSR PROXY] GET /api/proxy/storefront/shopname -> Django Status: 200 (17ms)
[2026-05-19 12:37:15] INFO: [SSR PROXY] GET /api/proxy/storefront/shopname -> Django Status: 200 (21ms)
[2026-05-19 12:37:15] INFO: [SSR PROXY] GET /api/proxy/storefront/shopname -> Django Status: 200 (23ms)
[2026-05-19 12:37:15] INFO: [SSR PROXY] GET /api/proxy/storefront/shopname -> Django Status: 200 (18ms)
[2026-05-19 12:37:15] INFO: [SSR PROXY] GET /api/proxy/storefront/shopname -> Django Status: 200 (23ms)
[2026-05-19 12:37:15] INFO: [SSR PROXY] GET /api/proxy/storefront/shopname -> Django Status: 200 (19ms)
[2026-05-19 12:37:15] INFO: [SSR PROXY] GET /api/proxy/storefront/shopname -> Django Status: 200 (16ms)
[2026-05-19 12:37:15] INFO: [SSR PROXY] GET /api/proxy/storefront/shopname -> Django Status: 200 (17ms)
[2026-05-19 12:37:15] INFO: [SSR PROXY] GET /api/proxy/storefront/shopname -> Django Status: 200 (20ms)
[2026-05-19 12:37:15] INFO: [SSR PROXY] GET /api/proxy/storefront/shopname -> Django Status: 200 (24ms)
[2026-05-19 12:37:15] INFO: [SSR PROXY] GET /api/proxy/storefront/shopname -> Django Status: 200 (28ms)
[2026-05-19 12:37:16] INFO: [SSR PROXY] GET /api/proxy/storefront/shopname -> Django Status: 200 (17ms)
[2026-05-19 12:37:16] INFO: [SSR PROXY] GET /api/proxy/storefront/shopname -> Django Status: 200 (126ms)
[2026-05-19 12:37:16] INFO: [SSR PROXY] GET /api/proxy/storefront/shopname -> Django Status: 200 (20ms)
[2026-05-19 12:37:16] INFO: [SSR PROXY] GET /api/proxy/storefront/shopname -> Django Status: 200 (30ms)
[2026-05-19 12:37:16] INFO: [SSR PROXY] GET /api/proxy/storefront/shopname -> Django Status: 200 (19ms)
[2026-05-19 12:37:16] INFO: [SSR PROXY] GET /api/proxy/storefront/shopname -> Django Status: 200 (19ms)
[2026-05-19 12:37:16] INFO: [SSR PROXY] GET /api/proxy/storefront/shopname/products/2 -> Django Status: 200 (2056ms)
[2026-05-19 12:37:16] INFO: [SSR PROXY] GET /api/proxy/storefront/shopname -> Django Status: 200 (36ms)
[2026-05-19 12:37:17] INFO: [SSR PROXY] GET /api/proxy/storefront/shopname -> Django Status: 200 (67ms)
[2026-05-19 12:37:17] INFO: [SSR PROXY] GET /api/proxy/storefront/shopname -> Django Status: 200 (20ms)
[2026-05-19 12:37:17] INFO: [SSR PROXY] GET /api/proxy/storefront/shopname -> Django Status: 200 (23ms)
[2026-05-19 12:37:18] INFO: [SSR PROXY] GET /api/proxy/storefront/shopname -> Django Status: 200 (18ms)
[2026-05-19 12:37:18] INFO: [SSR PROXY] GET /api/proxy/storefront/shopname -> Django Status: 200 (19ms)
[2026-05-19 12:37:18] INFO: [SSR PROXY] GET /api/proxy/storefront/shopname -> Django Status: 200 (18ms)
[2026-05-19 12:37:18] INFO: [SSR PROXY] GET /api/proxy/storefront/shopname -> Django Status: 200 (33ms)
[2026-05-19 12:37:18] INFO: [SSR PROXY] GET /api/proxy/storefront/shopname -> Django Status: 200 (27ms)
[2026-05-19 12:37:18] INFO: [SSR PROXY] GET /api/proxy/storefront/shopname -> Django Status: 200 (21ms)
[2026-05-19 12:37:18] INFO: [SSR PROXY] GET /api/proxy/storefront/shopname -> Django Status: 200 (25ms)
[2026-05-19 12:37:18] INFO: [SSR PROXY] GET /api/proxy/storefront/shopname -> Django Status: 200 (21ms)
[2026-05-19 12:37:18] INFO: [SSR PROXY] GET /api/proxy/storefront/shopname -> Django Status: 200 (20ms)
[2026-05-19 12:37:19] INFO: [SSR PROXY] GET /api/proxy/storefront/shopname -> Django Status: 200 (29ms)
[2026-05-19 12:37:19] INFO: [SSR PROXY] GET /api/proxy/storefront/shopname/products/2 -> Django Status: 200 (2064ms)
[2026-05-19 12:37:19] INFO: [SSR PROXY] GET /api/proxy/storefront/shopname -> Django Status: 200 (23ms)
[2026-05-19 12:37:19] INFO: [SSR PROXY] GET /api/proxy/storefront/shopname -> Django Status: 200 (238ms)
[2026-05-19 12:37:19] INFO: [SSR PROXY] GET /api/proxy/storefront/shopname -> Django Status: 200 (21ms)
[2026-05-19 12:37:20] INFO: [SSR PROXY] GET /api/proxy/storefront/shopname -> Django Status: 200 (23ms)
[2026-05-19 12:37:20] INFO: [SSR PROXY] GET /api/proxy/storefront/shopname -> Django Status: 200 (18ms)
[2026-05-19 12:37:20] INFO: [SSR PROXY] GET /api/proxy/storefront/shopname -> Django Status: 200 (18ms)
[2026-05-19 12:37:20] INFO: [SSR PROXY] GET /api/proxy/storefront/shopname -> Django Status: 200 (17ms)
[2026-05-19 12:37:20] INFO: [SSR PROXY] GET /api/proxy/storefront/shopname -> Django Status: 200 (19ms)
[2026-05-19 12:37:20] INFO: [SSR PROXY] GET /api/proxy/storefront/shopname -> Django Status: 200 (17ms)
[2026-05-19 12:37:20] INFO: [SSR PROXY] GET /api/proxy/storefront/shopname -> Django Status: 200 (19ms)
[2026-05-19 12:37:20] INFO: [SSR PROXY] GET /api/proxy/storefront/shopname -> Django Status: 200 (20ms)
[2026-05-19 12:37:20] INFO: [SSR PROXY] GET /api/proxy/storefront/shopname -> Django Status: 200 (20ms)
[2026-05-19 12:37:20] INFO: [SSR PROXY] GET /api/proxy/storefront/shopname -> Django Status: 200 (21ms)
[2026-05-19 12:37:20] INFO: [SSR PROXY] GET /api/proxy/storefront/shopname -> Django Status: 200 (16ms)
[2026-05-19 12:37:20] INFO: [SSR PROXY] GET /api/proxy/storefront/shopname -> Django Status: 200 (17ms)
[2026-05-19 12:37:20] INFO: [SSR PROXY] GET /api/proxy/storefront/shopname -> Django Status: 200 (16ms)
[2026-05-19 12:37:21] INFO: [SSR PROXY] GET /api/proxy/storefront/shopname -> Django Status: 200 (19ms)
[2026-05-19 12:37:21] INFO: [SSR PROXY] GET /api/proxy/storefront/shopname -> Django Status: 200 (15ms)
[2026-05-19 12:37:21] INFO: [SSR PROXY] GET /api/proxy/storefront/shopname -> Django Status: 200 (16ms)
[2026-05-19 12:37:21] INFO: [SSR PROXY] GET /api/proxy/storefront/shopname -> Django Status: 200 (19ms)
[2026-05-19 12:37:21] INFO: [SSR PROXY] GET /api/proxy/storefront/shopname/products/2 -> Django Status: 200 (2052ms)
[2026-05-19 12:37:21] INFO: [SSR PROXY] GET /api/proxy/storefront/shopname -> Django Status: 200 (17ms)
[2026-05-19 12:37:21] INFO: [SSR PROXY] GET /api/proxy/storefront/shopname -> Django Status: 200 (15ms)
[2026-05-19 12:37:21] INFO: [SSR PROXY] GET /api/proxy/storefront/shopname -> Django Status: 200 (17ms)
[2026-05-19 12:37:21] INFO: [SSR PROXY] GET /api/proxy/storefront/shopname -> Django Status: 200 (17ms)
[2026-05-19 12:37:21] INFO: [SSR PROXY] GET /api/proxy/storefront/shopname -> Django Status: 200 (18ms)
[2026-05-19 12:37:21] INFO: [SSR PROXY] GET /api/proxy/storefront/shopname -> Django Status: 200 (15ms)
[2026-05-19 12:37:21] INFO: [SSR PROXY] GET /api/proxy/storefront/shopname -> Django Status: 200 (18ms)
[2026-05-19 12:37:21] INFO: [SSR PROXY] GET /api/proxy/storefront/shopname -> Django Status: 200 (18ms)
[2026-05-19 12:37:21] INFO: [SSR PROXY] GET /api/proxy/storefront/shopname -> Django Status: 200 (18ms)
[2026-05-19 12:37:22] INFO: [SSR PROXY] GET /api/proxy/storefront/shopname -> Django Status: 200 (18ms)
[2026-05-19 12:37:22] INFO: [SSR PROXY] GET /api/proxy/storefront/shopname -> Django Status: 200 (20ms)
[2026-05-19 12:37:22] INFO: [SSR PROXY] GET /api/proxy/storefront/shopname -> Django Status: 200 (17ms)
[2026-05-19 12:37:22] INFO: [SSR PROXY] GET /api/proxy/storefront/shopname -> Django Status: 200 (18ms)
[2026-05-19 12:37:22] INFO: [SSR PROXY] GET /api/proxy/storefront/shopname -> Django Status: 200 (16ms)
[2026-05-19 12:37:22] INFO: [SSR PROXY] GET /api/proxy/storefront/shopname -> Django Status: 200 (18ms)
[2026-05-19 12:37:23] INFO: [SSR PROXY] GET /api/proxy/storefront/shopname/products/2 -> Django Status: 200 (2379ms)
[2026-05-19 12:37:23] INFO: [SSR PROXY] GET /api/proxy/storefront/shopname -> Django Status: 200 (72ms)
[2026-05-19 12:37:24] INFO: [SSR PROXY] GET /api/proxy/storefront/shopname -> Django Status: 200 (41ms)
[2026-05-19 12:37:26] INFO: [SSR PROXY] GET /api/proxy/storefront/shopname -> Django Status: 200 (578ms)
[2026-05-19 12:37:26] INFO: [SSR PROXY] GET /api/proxy/storefront/shopname -> Django Status: 200 (15ms)
[2026-05-19 12:37:26] INFO: [SSR PROXY] GET /api/proxy/storefront/shopname -> Django Status: 200 (34ms)
[2026-05-19 12:37:26] INFO: [SSR PROXY] GET /api/proxy/storefront/shopname/products/2 -> Django Status: 200 (2074ms)
[2026-05-19 12:37:26] INFO: [SSR PROXY] GET /api/proxy/storefront/shopname -> Django Status: 200 (25ms)
[2026-05-19 12:37:26] INFO: [SSR PROXY] GET /api/proxy/storefront/shopname -> Django Status: 200 (27ms)
[2026-05-19 12:37:26] INFO: [SSR PROXY] GET /api/proxy/storefront/shopname -> Django Status: 200 (18ms)
[2026-05-19 12:37:27] INFO: [SSR PROXY] GET /api/proxy/storefront/shopname -> Django Status: 200 (23ms)
[2026-05-19 12:37:27] INFO: [SSR PROXY] GET /api/proxy/storefront/shopname -> Django Status: 200 (19ms)
[2026-05-19 12:37:27] INFO: [SSR PROXY] GET /api/proxy/storefront/shopname -> Django Status: 200 (17ms)
[2026-05-19 12:37:27] INFO: [SSR PROXY] GET /api/proxy/storefront/shopname -> Django Status: 200 (17ms)
[2026-05-19 12:37:27] INFO: [SSR PROXY] GET /api/proxy/storefront/shopname -> Django Status: 200 (18ms)
[2026-05-19 12:37:27] INFO: [SSR PROXY] GET /api/proxy/storefront/shopname -> Django Status: 200 (18ms)
[2026-05-19 12:37:27] INFO: [SSR PROXY] GET /api/proxy/storefront/shopname -> Django Status: 200 (17ms)
[2026-05-19 12:37:27] INFO: [SSR PROXY] GET /api/proxy/storefront/shopname -> Django Status: 200 (17ms)
[2026-05-19 12:37:27] INFO: [SSR PROXY] GET /api/proxy/storefront/shopname -> Django Status: 200 (21ms)
[2026-05-19 12:37:27] INFO: [SSR PROXY] GET /api/proxy/storefront/shopname -> Django Status: 200 (20ms)
[2026-05-19 12:37:27] INFO: [SSR PROXY] GET /api/proxy/storefront/shopname -> Django Status: 200 (18ms)
[2026-05-19 12:37:27] INFO: [SSR PROXY] GET /api/proxy/storefront/shopname -> Django Status: 200 (20ms)
[2026-05-19 12:37:27] INFO: [SSR PROXY] GET /api/proxy/storefront/shopname -> Django Status: 200 (22ms)
[2026-05-19 12:37:27] INFO: [SSR PROXY] GET /api/proxy/storefront/shopname -> Django Status: 200 (20ms)
[2026-05-19 12:37:28] INFO: [SSR PROXY] GET /api/proxy/storefront/shopname -> Django Status: 200 (18ms)
[2026-05-19 12:37:28] INFO: [SSR PROXY] GET /api/proxy/storefront/shopname -> Django Status: 200 (17ms)
[2026-05-19 12:37:28] INFO: [SSR PROXY] GET /api/proxy/storefront/shopname -> Django Status: 200 (18ms)
[2026-05-19 12:37:28] INFO: [SSR PROXY] GET /api/proxy/storefront/shopname -> Django Status: 200 (17ms)
[2026-05-19 12:37:28] INFO: [SSR PROXY] GET /api/proxy/storefront/shopname -> Django Status: 200 (16ms)
[2026-05-19 12:37:28] INFO: [SSR PROXY] GET /api/proxy/storefront/shopname -> Django Status: 200 (14ms)
[2026-05-19 12:37:28] INFO: [SSR PROXY] GET /api/proxy/storefront/shopname -> Django Status: 200 (15ms)
[2026-05-19 12:37:28] INFO: [SSR PROXY] GET /api/proxy/storefront/shopname -> Django Status: 200 (18ms)
[2026-05-19 12:37:28] INFO: [SSR PROXY] GET /api/proxy/storefront/shopname/products/2 -> Django Status: 200 (2042ms)
[2026-05-19 12:37:30] INFO: [SSR PROXY] GET /api/proxy/storefront/shopname/products/2 -> Django Status: 200 (2047ms)
[2026-05-19 12:37:31] INFO: [SSR PROXY] GET /api/proxy/storefront/shopname/products/2 -> Django Status: 200 (2038ms)
[2026-05-19 12:37:31] INFO: [SSR PROXY] GET /api/proxy/storefront/shopname/products/2 -> Django Status: 200 (2059ms)
[2026-05-19 12:37:31] INFO: [SSR PROXY] GET /api/proxy/storefront/shopname/products/2 -> Django Status: 200 (2049ms)
[2026-05-19 12:37:32] INFO: [SSR PROXY] GET /api/proxy/storefront/shopname/products/2 -> Django Status: 200 (2053ms)
[2026-05-19 12:37:32] INFO: [SSR PROXY] GET /api/proxy/storefront/shopname/products/2 -> Django Status: 200 (2055ms)
[2026-05-19 12:37:32] INFO: [SSR PROXY] GET /api/proxy/storefront/shopname/products/2 -> Django Status: 200 (2042ms)
[2026-05-19 12:37:33] INFO: [SSR PROXY] GET /api/proxy/storefront/shopname/products/2 -> Django Status: 200 (2065ms)
[2026-05-19 12:37:34] INFO: [SSR PROXY] GET /api/proxy/storefront/shopname/products/2 -> Django Status: 200 (2045ms)
[2026-05-19 12:37:34] INFO: [SSR PROXY] GET /api/proxy/storefront/shopname/products/2 -> Django Status: 200 (2064ms)
[2026-05-19 12:37:35] INFO: [SSR PROXY] GET /api/proxy/storefront/shopname/products/2 -> Django Status: 200 (2022ms)
[2026-05-19 12:37:35] INFO: [SSR PROXY] GET /api/proxy/storefront/shopname/products/2 -> Django Status: 200 (2035ms)
[2026-05-19 12:37:35] INFO: [SSR PROXY] GET /api/proxy/storefront/shopname/products/2 -> Django Status: 200 (2041ms)
[2026-05-19 12:37:35] INFO: [SSR PROXY] GET /api/proxy/storefront/shopname/products/2 -> Django Status: 200 (2045ms)
[2026-05-19 12:37:36] INFO: [SSR PROXY] GET /api/proxy/storefront/shopname/products/2 -> Django Status: 200 (2043ms)
[2026-05-19 12:37:36] INFO: [SSR PROXY] GET /api/proxy/storefront/shopname/products/2 -> Django Status: 200 (2052ms)
[2026-05-19 12:37:37] INFO: [SSR PROXY] GET /api/proxy/storefront/shopname/products/2 -> Django Status: 200 (2038ms)
[2026-05-19 12:37:37] INFO: [SSR PROXY] GET /api/proxy/storefront/shopname/products/2 -> Django Status: 200 (2035ms)
[2026-05-19 12:37:37] INFO: [SSR PROXY] GET /api/proxy/storefront/shopname/products/2 -> Django Status: 200 (2053ms)
[2026-05-19 12:37:37] INFO: [SSR PROXY] GET /api/proxy/storefront/shopname/products/2 -> Django Status: 200 (2048ms)
[2026-05-19 12:37:38] INFO: [SSR PROXY] GET /api/proxy/storefront/shopname/products/2 -> Django Status: 200 (2034ms)
[2026-05-19 12:37:38] INFO: [SSR PROXY] GET /api/proxy/storefront/shopname/products/2 -> Django Status: 200 (2039ms)
[2026-05-19 12:37:39] INFO: [SSR PROXY] GET /api/proxy/storefront/shopname/products/2 -> Django Status: 200 (2033ms)
[2026-05-19 12:37:39] INFO: [SSR PROXY] GET /api/proxy/storefront/shopname/products/2 -> Django Status: 200 (2045ms)
[2026-05-19 12:37:39] INFO: [SSR PROXY] GET /api/proxy/storefront/shopname/products/2 -> Django Status: 200 (2050ms)
[2026-05-19 12:37:39] INFO: [SSR PROXY] GET /api/proxy/storefront/shopname/products/2 -> Django Status: 200 (2038ms)
[2026-05-19 12:37:40] INFO: [SSR PROXY] GET /api/proxy/storefront/shopname/products/2 -> Django Status: 200 (2038ms)
[2026-05-19 12:37:40] INFO: [SSR PROXY] GET /api/proxy/storefront/shopname/products/2 -> Django Status: 200 (2358ms)
[2026-05-19 12:37:41] INFO: [SSR PROXY] GET /api/proxy/storefront/shopname/products/2 -> Django Status: 200 (2040ms)
[2026-05-19 12:37:41] INFO: [SSR PROXY] GET /api/proxy/storefront/shopname/products/2 -> Django Status: 200 (2044ms)
[2026-05-19 12:37:41] INFO: [SSR PROXY] GET /api/proxy/storefront/shopname/products/2 -> Django Status: 200 (2040ms)
[2026-05-19 12:37:41] INFO: [SSR PROXY] GET /api/proxy/storefront/shopname/products/2 -> Django Status: 200 (2040ms)
[2026-05-19 12:37:42] INFO: [SSR PROXY] GET /api/proxy/storefront/shopname/products/2 -> Django Status: 200 (2055ms)
[2026-05-19 12:37:42] INFO: [SSR PROXY] GET /api/proxy/storefront/shopname/products/2 -> Django Status: 200 (2056ms)
[2026-05-19 12:37:43] INFO: [SSR PROXY] GET /api/proxy/storefront/shopname/products/2 -> Django Status: 200 (2048ms)
[2026-05-19 12:37:43] INFO: [SSR PROXY] GET /api/proxy/storefront/shopname/products/2 -> Django Status: 200 (2048ms)
[2026-05-19 12:37:43] INFO: [SSR PROXY] GET /api/proxy/storefront/shopname/products/2 -> Django Status: 200 (2034ms)
[2026-05-19 12:37:44] INFO: [SSR PROXY] GET /api/proxy/storefront/shopname/products/2 -> Django Status: 200 (2044ms)
[2026-05-19 12:37:44] INFO: [SSR PROXY] GET /api/proxy/storefront/shopname/products/2 -> Django Status: 200 (2051ms)
[2026-05-19 12:37:44] INFO: [SSR PROXY] GET /api/proxy/storefront/shopname/products/2 -> Django Status: 200 (2045ms)
[2026-05-19 12:37:45] INFO: [SSR PROXY] GET /api/proxy/storefront/shopname/products/2 -> Django Status: 200 (2180ms)
[2026-05-19 12:37:46] INFO: [SSR PROXY] GET /api/proxy/storefront/shopname/products/2 -> Django Status: 200 (2099ms)
[2026-05-19 12:37:46] INFO: [SSR PROXY] GET /api/proxy/storefront/shopname/products/2 -> Django Status: 200 (2092ms)
[2026-05-19 12:37:46] INFO: [SSR PROXY] GET /api/proxy/storefront/shopname/products/2 -> Django Status: 200 (2074ms)
[2026-05-19 12:38:22] INFO: [SSR PROXY] GET /api/proxy/storefront/shopname/products/2 -> Django Status: 200 (2230ms)
[2026-05-19 12:38:22] INFO: [SSR PROXY] GET /api/proxy/storefront/shopname/products/2 -> Django Status: 200 (2238ms)
[2026-05-19 12:38:22] INFO: [SSR PROXY] GET /api/proxy/storefront/shopname/products/2 -> Django Status: 200 (2237ms)
[2026-05-19 12:38:22] INFO: [SSR PROXY] GET /api/proxy/storefront/shopname/products/2 -> Django Status: 200 (2245ms)
[2026-05-19 12:38:22] INFO: [SSR PROXY] GET /api/proxy/storefront/shopname/products/2 -> Django Status: 200 (2255ms)
[2026-05-19 12:38:22] INFO: [SSR PROXY] GET /api/proxy/storefront/shopname/products/2 -> Django Status: 200 (2057ms)
[2026-05-19 12:38:23] INFO: [SSR PROXY] GET /api/proxy/storefront/shopname -> Django Status: 200 (18ms)
[2026-05-19 12:38:23] INFO: [SSR PROXY] GET /api/proxy/storefront/shopname/products/2 -> Django Status: 200 (2340ms)
[2026-05-19 12:38:23] INFO: [SSR PROXY] GET /api/proxy/storefront/shopname/products/2 -> Django Status: 200 (2062ms)
[2026-05-19 12:38:25] INFO: [SSR PROXY] GET /api/proxy/storefront/shopname/products/2 -> Django Status: 200 (2047ms)
[2026-05-19 12:40:15] INFO: [SSR PROXY] GET /api/proxy/storefront/shopname -> Django Status: 200 (39ms)
[2026-05-19 12:40:17] INFO: [SSR PROXY] GET /api/proxy/storefront/shopname/products/2 -> Django Status: 200 (2047ms)
[2026-05-19 12:40:31] INFO: [SSR PROXY] GET /api/proxy/storefront/shopname -> Django Status: 200 (28ms)
[2026-05-19 12:40:33] INFO: [SSR PROXY] GET /api/proxy/storefront/shopname/products/2 -> Django Status: 200 (2030ms)
[2026-05-19 12:40:34] INFO: [SSR PROXY] GET /api/proxy/storefront/shopname -> Django Status: 200 (18ms)
[2026-05-19 12:40:36] INFO: [SSR PROXY] GET /api/proxy/storefront/shopname/products/2 -> Django Status: 200 (2029ms)
[2026-05-19 12:40:40] INFO: [SSR PROXY] GET /api/proxy/storefront/shopname -> Django Status: 200 (13ms)
[2026-05-19 12:40:42] INFO: [SSR PROXY] GET /api/proxy/storefront/shopname/products/2 -> Django Status: 200 (2029ms)
[2026-05-19 12:42:33] INFO: [SSR PROXY] GET /api/proxy/storefront/shopname -> Django Status: 200 (97ms)
[2026-05-19 12:42:35] INFO: [SSR PROXY] GET /api/proxy/storefront/shopname/products/2 -> Django Status: 200 (2040ms)
