[2026-05-18 12:55:53] INFO: [SSR REGISTER] POST /api/auth/register -> Django Status: 201 (382ms)
[2026-05-18 12:56:07] INFO: [SSR LOGIN] POST /api/auth/login -> Django Status: 200 (583ms)
[2026-05-18 12:56:12] INFO: [SSR PROXY] GET /api/proxy/shops/me -> Django Status: 404 (56ms)
[2026-05-18 12:56:47] INFO: [SSR LOGIN] POST /api/auth/login -> Django Status: 200 (423ms)
[2026-05-18 12:56:50] INFO: [SSR PROXY] GET /api/proxy/products -> Django Status: 200 (20ms)
[2026-05-18 12:56:51] INFO: [SSR PROXY] GET /api/proxy/products -> Django Status: 200 (14ms)
[2026-05-18 12:56:51] INFO: [SSR PROXY] GET /api/proxy/shops/me -> Django Status: 404 (15ms)
[2026-05-18 12:56:51] INFO: [SSR PROXY] GET /api/proxy/shops/me -> Django Status: 404 (14ms)
[2026-05-18 12:57:01] INFO: [SSR REGISTER] POST /api/auth/register -> Django Status: 400 (15ms)
[2026-05-18 12:57:06] INFO: [SSR REGISTER] POST /api/auth/register -> Django Status: 201 (424ms)
[2026-05-18 12:57:17] INFO: [SSR LOGIN] POST /api/auth/login -> Django Status: 200 (331ms)
[2026-05-18 12:57:19] INFO: [SSR PROXY] GET /api/proxy/shops/me -> Django Status: 404 (12ms)
[2026-05-18 12:57:19] INFO: [SSR PROXY] GET /api/proxy/shops/me -> Django Status: 404 (14ms)
[2026-05-18 12:57:20] INFO: [SSR PROXY] GET /api/proxy/products -> Django Status: 200 (14ms)
[2026-05-18 12:57:20] INFO: [SSR PROXY] GET /api/proxy/products -> Django Status: 200 (12ms)
[2026-05-18 12:57:21] INFO: [SSR PROXY] GET /api/proxy/shops/me -> Django Status: 404 (16ms)
[2026-05-18 12:57:21] INFO: [SSR PROXY] GET /api/proxy/shops/me -> Django Status: 404 (16ms)
[2026-05-18 12:57:23] INFO: [SSR PROXY] GET /api/proxy/shops/me -> Django Status: 404 (10ms)
[2026-05-18 12:57:23] INFO: [SSR PROXY] GET /api/proxy/shops/me -> Django Status: 404 (12ms)
[2026-05-18 12:57:40] INFO: [SSR PROXY] POST /api/proxy/shops -> Django Status: 201 (34ms)
[2026-05-18 13:03:20] INFO: [SSR PROXY] GET /api/proxy/shops/me -> Django Status: 401 (11ms)
[2026-05-18 13:03:22] INFO: [SSR LOGIN] POST /api/auth/login -> Django Status: 200 (306ms)
[2026-05-18 13:03:23] INFO: [SSR PROXY] GET /api/proxy/shops/me -> Django Status: 200 (10ms)
[2026-05-18 13:03:23] INFO: [SSR PROXY] GET /api/proxy/shops/me -> Django Status: 200 (9ms)
[2026-05-18 13:03:26] INFO: [SSR PROXY] PUT /api/proxy/shops/1 -> Django Status: 200 (14ms)
[2026-05-18 13:03:28] INFO: [SSR PROXY] GET /api/proxy/shops/me -> Django Status: 200 (8ms)
[2026-05-18 13:03:29] INFO: [SSR PROXY] GET /api/proxy/shops/me -> Django Status: 200 (10ms)
[2026-05-18 13:05:58] INFO: [SSR PROXY] GET /api/proxy/shops/me -> Django Status: 200 (23ms)
[2026-05-18 13:05:59] INFO: [SSR PROXY] GET /api/proxy/products -> Django Status: 200 (11ms)
[2026-05-18 13:05:59] INFO: [SSR PROXY] GET /api/proxy/products -> Django Status: 200 (12ms)
[2026-05-18 13:06:06] INFO: [SSR PROXY] POST /api/proxy/products -> Django Status: 201 (17ms)
[2026-05-18 13:06:07] INFO: [SSR PROXY] GET /api/proxy/products -> Django Status: 200 (9ms)
[2026-05-18 13:21:59] INFO: [SSR PROXY] GET /api/proxy/products -> Django Status: 401 (34ms)
[2026-05-18 13:50:15] INFO: [SSR LOGIN] POST /api/auth/login -> Django Status: 200 (431ms)
[2026-05-18 13:50:17] INFO: [SSR PROXY] GET /api/proxy/shops/me -> Django Status: 200 (12ms)
[2026-05-18 13:50:17] INFO: [SSR PROXY] GET /api/proxy/shops/me -> Django Status: 200 (10ms)
[2026-05-18 14:01:48] INFO: [SSR PROXY] GET /api/proxy/products -> Django Status: 401 (44ms)
[2026-05-18 14:01:48] INFO: [SSR PROXY] GET /api/proxy/products -> Django Status: 401 (131ms)
[2026-05-18 14:01:50] INFO: [SSR LOGIN] POST /api/auth/login -> Django Status: 200 (363ms)
[2026-05-18 14:01:52] INFO: [SSR PROXY] GET /api/proxy/products -> Django Status: 200 (10ms)
[2026-05-18 14:01:52] INFO: [SSR PROXY] GET /api/proxy/products -> Django Status: 200 (12ms)
[2026-05-18 14:01:53] INFO: [SSR PROXY] GET /api/proxy/shops/me -> Django Status: 200 (9ms)
[2026-05-18 14:01:53] INFO: [SSR PROXY] GET /api/proxy/shops/me -> Django Status: 200 (11ms)
[2026-05-18 14:01:54] INFO: [SSR PROXY] GET /api/proxy/products -> Django Status: 200 (12ms)
[2026-05-18 14:01:54] INFO: [SSR PROXY] GET /api/proxy/products -> Django Status: 200 (12ms)
[2026-05-18 14:02:06] INFO: [SSR PROXY] GET /api/proxy/shops/me -> Django Status: 200 (17ms)
[2026-05-18 14:02:06] INFO: [SSR PROXY] GET /api/proxy/shops/me -> Django Status: 200 (13ms)
[2026-05-18 15:29:11] INFO: [SSR LOGIN] POST /api/auth/login -> Django Status: 200 (275ms)
[2026-05-18 15:29:13] INFO: [SSR PROXY] GET /api/proxy/shops/me -> Django Status: 200 (9ms)
[2026-05-18 15:29:13] INFO: [SSR PROXY] GET /api/proxy/shops/me -> Django Status: 200 (9ms)
[2026-05-18 15:29:14] INFO: [SSR PROXY] GET /api/proxy/products -> Django Status: 200 (12ms)
[2026-05-18 15:29:14] INFO: [SSR PROXY] GET /api/proxy/products -> Django Status: 200 (14ms)
[2026-05-18 15:32:31] INFO: [SSR PROXY] GET /api/proxy/shops/me -> Django Status: 200 (11ms)
[2026-05-18 15:32:31] INFO: [SSR PROXY] GET /api/proxy/shops/me -> Django Status: 200 (8ms)
[2026-05-18 15:32:38] INFO: [SSR PROXY] GET /api/proxy/products -> Django Status: 200 (11ms)
[2026-05-18 15:32:38] INFO: [SSR PROXY] GET /api/proxy/products -> Django Status: 200 (8ms)
[2026-05-18 15:33:22] INFO: [SSR PROXY] GET /api/proxy/shops/me -> Django Status: 200 (9ms)
[2026-05-18 15:33:22] INFO: [SSR PROXY] GET /api/proxy/shops/me -> Django Status: 200 (10ms)
[2026-05-18 15:34:04] INFO: [SSR PROXY] GET /api/proxy/shops/me -> Django Status: 200 (8ms)
[2026-05-18 15:34:04] INFO: [SSR PROXY] GET /api/proxy/shops/me -> Django Status: 200 (7ms)
[2026-05-18 15:34:21] INFO: [SSR PROXY] GET /api/proxy/products -> Django Status: 401 (9ms)
[2026-05-18 15:34:21] INFO: [SSR PROXY] GET /api/proxy/products -> Django Status: 401 (10ms)
[2026-05-18 15:34:26] INFO: [SSR LOGIN] POST /api/auth/login -> Django Status: 200 (240ms)
[2026-05-18 15:34:31] INFO: [SSR LOGIN] POST /api/auth/login -> Django Status: 200 (241ms)
[2026-05-18 15:34:32] INFO: [SSR PROXY] GET /api/proxy/shops/me -> Django Status: 200 (11ms)
[2026-05-18 15:34:32] INFO: [SSR PROXY] GET /api/proxy/shops/me -> Django Status: 200 (13ms)
[2026-05-18 15:34:33] INFO: [SSR PROXY] GET /api/proxy/products -> Django Status: 200 (8ms)
[2026-05-18 15:34:33] INFO: [SSR PROXY] GET /api/proxy/products -> Django Status: 200 (8ms)
[2026-05-18 15:35:16] INFO: [SSR PROXY] GET /api/proxy/shops/me -> Django Status: 200 (9ms)
[2026-05-18 15:35:16] INFO: [SSR PROXY] GET /api/proxy/shops/me -> Django Status: 200 (10ms)
[2026-05-18 16:05:36] INFO: [SSR PROXY] GET /api/proxy/shops/me -> Django Status: 401 (39ms)
[2026-05-18 16:05:36] INFO: [SSR PROXY] GET /api/proxy/products -> Django Status: 401 (58ms)
[2026-05-18 16:05:36] INFO: [SSR PROXY] GET /api/proxy/shops/me -> Django Status: 401 (17ms)
[2026-05-18 16:05:37] INFO: [SSR PROXY] GET /api/proxy/products -> Django Status: 401 (243ms)
[2026-05-18 16:05:39] INFO: [SSR LOGIN] POST /api/auth/login -> Django Status: 200 (253ms)
[2026-05-18 16:05:40] INFO: [SSR PROXY] GET /api/proxy/products -> Django Status: 200 (10ms)
[2026-05-18 16:05:40] INFO: [SSR PROXY] GET /api/proxy/shops/me -> Django Status: 200 (13ms)
[2026-05-18 16:05:40] INFO: [SSR PROXY] GET /api/proxy/products -> Django Status: 200 (9ms)
[2026-05-18 16:05:40] INFO: [SSR PROXY] GET /api/proxy/shops/me -> Django Status: 200 (10ms)
[2026-05-18 16:06:09] INFO: [SSR PROXY] POST /api/proxy/products -> Django Status: 400 (12ms)
[2026-05-18 16:06:15] INFO: [SSR PROXY] GET /api/proxy/shops/me -> Django Status: 200 (12ms)
[2026-05-18 16:06:15] INFO: [SSR PROXY] GET /api/proxy/shops/me -> Django Status: 200 (9ms)
[2026-05-18 16:06:17] INFO: [SSR PROXY] GET /api/proxy/products -> Django Status: 200 (8ms)
[2026-05-18 16:06:17] INFO: [SSR PROXY] GET /api/proxy/shops/me -> Django Status: 200 (12ms)
[2026-05-18 16:06:17] INFO: [SSR PROXY] GET /api/proxy/products -> Django Status: 200 (9ms)
[2026-05-18 16:06:17] INFO: [SSR PROXY] GET /api/proxy/shops/me -> Django Status: 200 (9ms)
[2026-05-18 16:06:33] INFO: [SSR PROXY] POST /api/proxy/products -> Django Status: 400 (9ms)
[2026-05-18 16:26:29] INFO: [SSR PROXY] GET /api/proxy/products -> Django Status: 401 (35ms)
[2026-05-18 16:26:29] INFO: [SSR PROXY] GET /api/proxy/shops/me -> Django Status: 401 (37ms)
[2026-05-18 16:26:31] INFO: [SSR LOGIN] POST /api/auth/login -> Django Status: 200 (238ms)
[2026-05-18 16:26:32] INFO: [SSR PROXY] GET /api/proxy/products -> Django Status: 200 (8ms)
[2026-05-18 16:26:32] INFO: [SSR PROXY] GET /api/proxy/shops/me -> Django Status: 200 (12ms)
[2026-05-18 16:26:32] INFO: [SSR PROXY] GET /api/proxy/products -> Django Status: 200 (13ms)
[2026-05-18 16:26:32] INFO: [SSR PROXY] GET /api/proxy/shops/me -> Django Status: 200 (9ms)
[2026-05-18 16:26:48] INFO: [SSR PROXY] POST /api/proxy/products -> Django Status: 201 (359ms)
[2026-05-18 16:26:48] INFO: [SSR PROXY] GET /api/proxy/products -> Django Status: 200 (9ms)
[2026-05-18 16:27:35] INFO: [SSR PROXY] POST /api/proxy/products -> Django Status: 201 (151ms)
[2026-05-18 16:27:35] INFO: [SSR PROXY] GET /api/proxy/products -> Django Status: 200 (11ms)
[2026-05-18 16:28:39] INFO: [SSR PROXY] GET /api/proxy/shops/me -> Django Status: 200 (11ms)
[2026-05-18 16:28:39] INFO: [SSR PROXY] GET /api/proxy/shops/me -> Django Status: 200 (9ms)
[2026-05-18 16:28:39] INFO: [SSR PROXY] GET /api/proxy/products -> Django Status: 200 (10ms)
[2026-05-18 16:28:39] INFO: [SSR PROXY] GET /api/proxy/shops/me -> Django Status: 200 (12ms)
[2026-05-18 16:28:39] INFO: [SSR PROXY] GET /api/proxy/products -> Django Status: 200 (12ms)
[2026-05-18 16:28:39] INFO: [SSR PROXY] GET /api/proxy/shops/me -> Django Status: 200 (9ms)
[2026-05-18 16:31:44] INFO: [SSR PROXY] GET /api/proxy/shops/me -> Django Status: 401 (7ms)
[2026-05-18 16:31:44] INFO: [SSR PROXY] GET /api/proxy/shops/me -> Django Status: 401 (7ms)
[2026-05-18 16:33:33] INFO: [SSR LOGIN] POST /api/auth/login -> Django Status: 200 (260ms)
[2026-05-18 16:33:34] INFO: [SSR PROXY] GET /api/proxy/products -> Django Status: 200 (19ms)
[2026-05-18 16:33:34] INFO: [SSR PROXY] GET /api/proxy/shops/me -> Django Status: 200 (23ms)
[2026-05-18 16:33:34] INFO: [SSR PROXY] GET /api/proxy/products -> Django Status: 200 (18ms)
[2026-05-18 16:33:35] INFO: [SSR PROXY] GET /api/proxy/shops/me -> Django Status: 200 (12ms)
[2026-05-18 16:35:14] INFO: [SSR PROXY] GET /api/proxy/shops/me -> Django Status: 200 (12ms)
[2026-05-18 16:35:14] INFO: [SSR PROXY] GET /api/proxy/products -> Django Status: 200 (35ms)
[2026-05-18 16:35:44] INFO: [SSR PROXY] POST /api/proxy/products -> Django Status: 201 (151ms)
[2026-05-18 16:35:44] INFO: [SSR PROXY] GET /api/proxy/products -> Django Status: 200 (12ms)
[2026-05-18 16:39:12] INFO: [SSR PROXY] GET /api/proxy/shops/me -> Django Status: 401 (8ms)
[2026-05-18 16:39:12] INFO: [SSR PROXY] GET /api/proxy/shops/me -> Django Status: 401 (41ms)
[2026-05-18 16:39:38] INFO: [SSR LOGIN] POST /api/auth/login -> Django Status: 200 (243ms)
[2026-05-18 16:39:39] INFO: [SSR PROXY] GET /api/proxy/shops/me -> Django Status: 200 (8ms)
[2026-05-18 16:39:39] INFO: [SSR PROXY] GET /api/proxy/shops/me -> Django Status: 200 (11ms)
[2026-05-18 16:49:29] INFO: [SSR PROXY] GET /api/proxy/shops/me -> Django Status: 401 (27ms)
[2026-05-18 16:49:29] INFO: [SSR PROXY] GET /api/proxy/shops/me -> Django Status: 401 (46ms)
[2026-05-18 16:49:31] INFO: [SSR LOGIN] POST /api/auth/login -> Django Status: 200 (245ms)
[2026-05-18 17:18:42] INFO: [SSR PROXY] GET /api/proxy/shops/me -> Django Status: 404 (14ms)
[2026-05-18 17:18:42] INFO: [SSR PROXY] GET /api/proxy/products -> Django Status: 401 (31ms)
[2026-05-18 17:18:42] INFO: [SSR PROXY] GET /api/proxy/shops/me -> Django Status: 404 (10ms)
[2026-05-18 17:18:42] INFO: [SSR PROXY] GET /api/proxy/products -> Django Status: 401 (10ms)
[2026-05-18 17:18:44] INFO: [SSR LOGIN] POST /api/auth/login -> Django Status: 200 (243ms)
[2026-05-18 17:21:14] INFO: [SSR PROXY] GET /api/proxy/shops/me -> Django Status: 404 (10ms)
[2026-05-18 17:21:14] INFO: [SSR PROXY] GET /api/proxy/shops/me -> Django Status: 404 (8ms)
[2026-05-18 17:21:16] INFO: [SSR PROXY] GET /api/proxy/shops/me -> Django Status: 404 (8ms)
[2026-05-18 17:21:18] INFO: [SSR PROXY] GET /api/proxy/shops/me -> Django Status: 404 (8ms)
[2026-05-18 17:21:19] INFO: [SSR PROXY] GET /api/proxy/products -> Django Status: 200 (13ms)
[2026-05-18 17:21:19] INFO: [SSR PROXY] GET /api/proxy/shops/me -> Django Status: 404 (18ms)
[2026-05-18 17:21:19] INFO: [SSR PROXY] GET /api/proxy/products -> Django Status: 200 (8ms)
[2026-05-18 17:21:19] INFO: [SSR PROXY] GET /api/proxy/shops/me -> Django Status: 404 (14ms)
[2026-05-18 17:21:28] INFO: [SSR LOGIN] POST /api/auth/login -> Django Status: 200 (259ms)
[2026-05-18 17:21:29] INFO: [SSR PROXY] GET /api/proxy/shops/me -> Django Status: 404 (8ms)
[2026-05-18 17:21:29] INFO: [SSR PROXY] GET /api/proxy/shops/me -> Django Status: 404 (8ms)
[2026-05-18 17:21:31] INFO: [SSR PROXY] GET /api/proxy/products -> Django Status: 200 (8ms)
[2026-05-18 17:21:31] INFO: [SSR PROXY] GET /api/proxy/shops/me -> Django Status: 404 (14ms)
[2026-05-18 17:21:31] INFO: [SSR PROXY] GET /api/proxy/products -> Django Status: 200 (15ms)
[2026-05-18 17:21:31] INFO: [SSR PROXY] GET /api/proxy/shops/me -> Django Status: 404 (13ms)
[2026-05-18 17:21:52] INFO: [SSR PROXY] GET /api/proxy/products -> Django Status: 200 (18ms)
[2026-05-18 17:21:52] INFO: [SSR PROXY] GET /api/proxy/shops/me -> Django Status: 404 (10ms)
[2026-05-18 17:23:28] INFO: [SSR PROXY] GET /api/proxy/shops/me -> Django Status: 200 (27ms)
[2026-05-18 17:24:01] INFO: [SSR PROXY] GET /api/proxy/shops/me -> Django Status: 200 (16ms)
[2026-05-18 17:24:02] INFO: [SSR PROXY] GET /api/proxy/products -> Django Status: 200 (19ms)
[2026-05-18 17:24:02] INFO: [SSR PROXY] GET /api/proxy/shops/me -> Django Status: 200 (8ms)
[2026-05-18 17:24:03] INFO: [SSR PROXY] GET /api/proxy/shops/me -> Django Status: 200 (9ms)
[2026-05-18 17:24:03] INFO: [SSR PROXY] GET /api/proxy/shops/me -> Django Status: 200 (10ms)
[2026-05-18 17:24:04] INFO: [SSR PROXY] GET /api/proxy/shops/me -> Django Status: 200 (12ms)
[2026-05-18 17:24:33] INFO: [SSR PROXY] GET /api/proxy/shops/me -> Django Status: 200 (17ms)
[2026-05-18 17:24:34] INFO: [SSR PROXY] GET /api/proxy/products -> Django Status: 200 (23ms)
[2026-05-18 17:24:34] INFO: [SSR PROXY] GET /api/proxy/shops/me -> Django Status: 200 (30ms)
[2026-05-18 17:24:34] INFO: [SSR PROXY] GET /api/proxy/products -> Django Status: 200 (18ms)
[2026-05-18 17:24:34] INFO: [SSR PROXY] GET /api/proxy/shops/me -> Django Status: 200 (17ms)
[2026-05-18 17:45:13] INFO: [SSR PROXY] GET /api/proxy/shops/shopname/products/1 -> Django Status: 404 (29ms)
[2026-05-18 17:45:19] INFO: [SSR PROXY] GET /api/proxy/storefront/products/1 -> Django Status: 404 (22ms)
[2026-05-18 17:45:24] INFO: [SSR PROXY] GET /api/proxy/storefront/shopname/products/1 -> Django Status: 200 (65ms)
[2026-05-18 17:45:32] INFO: [SSR PROXY] GET /api/proxy/storefront/shopname/products/1 -> Django Status: 200 (55ms)
[2026-05-18 17:45:46] INFO: [SSR PROXY] GET /api/proxy/storefront/undefined/products/1 -> Django Status: 404 (31ms)
[2026-05-18 17:54:36] INFO: [SSR PROXY] GET /api/proxy/shops/me -> Django Status: 401 (29ms)
[2026-05-18 17:54:37] INFO: [SSR PROXY] GET /api/proxy/products -> Django Status: 401 (48ms)
